24-01-2025 08:06:48 Warn: Alguien ha intentado acceder a la aplicación sin exito.
24-01-2025 08:06:50 Info: Un usuario con rol SuperAdmin ha accedido a la aplicación.
24-01-2025 08:06:52 Info: El usuario Danel ha entrado a gestion.
24-01-2025 08:16:52 Warn: Alguien ha borrado el usuario 3
24-01-2025 08:25:35 Info: El usuario a ha sido añadido con el rol Admin
24-01-2025 09:26:49 Info: Un usuario con rol SuperAdmin ha accedido a la aplicación.
24-01-2025 10:26:52 Info: Una temporada ha sido añadido.
24-01-2025 10:29:22 Warn: Una temporada ha sido eliminada.
24-01-2025 10:29:24 Warn: Una temporada ha sido eliminada.
24-01-2025 10:29:25 Info: Una temporada ha sido añadido.
24-01-2025 10:29:28 Warn: Una temporada ha sido eliminada.
24-01-2025 10:29:29 Info: Una temporada ha sido añadido.
24-01-2025 10:29:30 Warn: Una temporada ha sido eliminada.
24-01-2025 10:29:31 Info: Una temporada ha sido añadido.
24-01-2025 12:14:37 Info: Un usuario con rol SuperAdmin ha accedido a la aplicación.
24-01-2025 13:01:25 Info: Un usuario con rol SuperAdmin ha accedido a la aplicación.
24-01-2025 13:05:30 Info: Un usuario con rol SuperAdmin ha accedido a la aplicación.
24-01-2025 13:05:37 Info: El usuario Danel ha entrado a gestion.
24-01-2025 13:12:04 Warn: Alguien ha intentado acceder a la aplicación sin exito.
24-01-2025 13:12:11 Info: Un usuario con rol SuperAdmin ha accedido a la aplicación.
24-01-2025 13:12:22 Info: El usuario Danel ha entrado a gestion.
24-01-2025 13:15:34 Info: Un usuario con rol SuperAdmin ha accedido a la aplicación.
24-01-2025 13:16:49 Info: El usuario Danel ha entrado a gestion.
